<?xml version="1.0" encoding="UTF-8"?>
<!-- Generated by org.testng.reporters.JUnitReportReporter -->
<testsuite hostname="Ravikumars-MacBook-Pro.local" name="com.qa.test.RestClientTest" tests="1" failures="0" timestamp="30 Sep 2019 19:33:45 GMT" time="0.695" errors="0">
  <testcase name="getRequestWithoutHeaders" time="0.695" classname="com.qa.test.RestClientTest"/>
</testsuite> <!-- com.qa.test.RestClientTest -->
